#
# There is insufficient memory for the Java Runtime Environment to continue.
# Native memory allocation (malloc) failed to allocate 131088 bytes for Chunk::new
# Possible reasons:
#   The system is out of physical RAM or swap space
#   The process is running with CompressedOops enabled, and the Java Heap may be blocking the growth of the native heap
# Possible solutions:
#   Reduce memory load on the system
#   Increase physical memory or swap space
#   Check if swap backing store is full
#   Decrease Java heap size (-Xmx/-Xms)
#   Decrease number of Java threads
#   Decrease Java thread stack sizes (-Xss)
#   Set larger code cache with -XX:ReservedCodeCacheSize=
#   JVM is running with Unscaled Compressed Oops mode in which the Java heap is
#     placed in the first 4GB address space. The Java Heap base address is the
#     maximum limit for the native heap growth. Please use -XX:HeapBaseMinAddress
#     to set the Java Heap base and to place the Java Heap above 4GB virtual address.
# This output file may be truncated or incomplete.
#
#  Out of Memory Error (arena.cpp:189), pid=51328, tid=21424
#
# JRE version: Java(TM) SE Runtime Environment (17.0.8+9) (build 17.0.8+9-LTS-211)
# Java VM: Java HotSpot(TM) 64-Bit Server VM (17.0.8+9-LTS-211, mixed mode, sharing, tiered, compressed oops, compressed class ptrs, g1 gc, windows-amd64)
# No core dump will be written. Minidumps are not enabled by default on client versions of Windows
#

---------------  S U M M A R Y ------------

Command Line: -Dspring-profiles.active=local -javaagent:C:\Program Files\JetBrains\IntelliJ IDEA Educational Edition 2022.2.2\lib\idea_rt.jar=57686:C:\Program Files\JetBrains\IntelliJ IDEA Educational Edition 2022.2.2\bin -Dfile.encoding=UTF-8 academy.wakanda.coopwaka.CoopwakaApplication

Host: AMD Ryzen 7 5700U with Radeon Graphics         , 16 cores, 5G,  Windows 11 , 64 bit Build 22621 (10.0.22621.3374)
Time: Thu Apr 18 14:02:40 2024 Hora Padrão da Bahia elapsed time: 8.275284 seconds (0d 0h 0m 8s)

---------------  T H R E A D  ---------------

Current thread (0x000001e1ad73c170):  JavaThread "C2 CompilerThread0" daemon [_thread_in_native, id=21424, stack(0x0000004615b00000,0x0000004615c00000)]


Current CompileTask:
C2:   8275 4340   !   4       jdk.internal.loader.BuiltinClassLoader::findClassOnClassPathOrNull (64 bytes)

Stack: [0x0000004615b00000,0x0000004615c00000]
Native frames: (J=compiled Java code, j=interpreted, Vv=VM code, C=native code)
V  [jvm.dll+0x677d0a]
V  [jvm.dll+0x7d8c54]
V  [jvm.dll+0x7da3fe]
V  [jvm.dll+0x7daa63]
V  [jvm.dll+0x245c5f]
V  [jvm.dll+0xaaa6b]
V  [jvm.dll+0xab00c]
V  [jvm.dll+0xaab84]
V  [jvm.dll+0x6565ec]
V  [jvm.dll+0x58d1c0]
V  [jvm.dll+0x577408]
V  [jvm.dll+0x579685]
V  [jvm.dll+0x5791b9]
V  [jvm.dll+0x5790a0]
V  [jvm.dll+0x580cba]
V  [jvm.dll+0x220b22]
V  [jvm.dll+0x219bfd]
V  [jvm.dll+0x217329]
V  [jvm.dll+0x1a3af0]
V  [jvm.dll+0x2270be]
V  [jvm.dll+0x22535b]
V  [jvm.dll+0x78e7bc]
V  [jvm.dll+0x788bba]
V  [jvm.dll+0x676b35]
C  [ucrtbase.dll+0x29333]
C  [KERNEL32.DLL+0x1257d]
C  [ntdll.dll+0x5aa48]


---------------  P R O C E S S  ---------------

Threads class SMR info:
_java_thread_list=0x000001e1f3390c30, length=17, elements={
0x000001e18fedb630, 0x000001e1ad71cb30, 0x000001e1ad71d8b0, 0x000001e1ad732060,
0x000001e1ad733a30, 0x000001e1ad736300, 0x000001e1ad73b4d0, 0x000001e1ad73c170,
0x000001e1ad73cb20, 0x000001e1ad76ffc0, 0x000001e1ad705080, 0x000001e1ad9ace50,
0x000001e1f318f490, 0x000001e1f31aa8c0, 0x000001e1f52b5700, 0x000001e1f52b60a0,
0x000001e1f52b6570
}

Java Threads: ( => current thread )
  0x000001e18fedb630 JavaThread "main" [_thread_blocked, id=19056, stack(0x0000004614e00000,0x0000004614f00000)]
  0x000001e1ad71cb30 JavaThread "Reference Handler" daemon [_thread_blocked, id=47544, stack(0x0000004615500000,0x0000004615600000)]
  0x000001e1ad71d8b0 JavaThread "Finalizer" daemon [_thread_blocked, id=30528, stack(0x0000004615600000,0x0000004615700000)]
  0x000001e1ad732060 JavaThread "Signal Dispatcher" daemon [_thread_blocked, id=37252, stack(0x0000004615700000,0x0000004615800000)]
  0x000001e1ad733a30 JavaThread "Attach Listener" daemon [_thread_blocked, id=53024, stack(0x0000004615800000,0x0000004615900000)]
  0x000001e1ad736300 JavaThread "Service Thread" daemon [_thread_blocked, id=21216, stack(0x0000004615900000,0x0000004615a00000)]
  0x000001e1ad73b4d0 JavaThread "Monitor Deflation Thread" daemon [_thread_blocked, id=27680, stack(0x0000004615a00000,0x0000004615b00000)]
=>0x000001e1ad73c170 JavaThread "C2 CompilerThread0" daemon [_thread_in_native, id=21424, stack(0x0000004615b00000,0x0000004615c00000)]
  0x000001e1ad73cb20 JavaThread "C1 CompilerThread0" daemon [_thread_blocked, id=21580, stack(0x0000004615c00000,0x0000004615d00000)]
  0x000001e1ad76ffc0 JavaThread "Sweeper thread" daemon [_thread_blocked, id=5892, stack(0x0000004615d00000,0x0000004615e00000)]
  0x000001e1ad705080 JavaThread "Common-Cleaner" daemon [_thread_blocked, id=16964, stack(0x0000004615e00000,0x0000004615f00000)]
  0x000001e1ad9ace50 JavaThread "C1 CompilerThread1" daemon [_thread_blocked, id=34904, stack(0x0000004615f00000,0x0000004616000000)]
  0x000001e1f318f490 JavaThread "Monitor Ctrl-Break" daemon [_thread_in_native, id=38848, stack(0x0000004616000000,0x0000004616100000)]
  0x000001e1f31aa8c0 JavaThread "Notification Thread" daemon [_thread_blocked, id=39248, stack(0x0000004616100000,0x0000004616200000)]
  0x000001e1f52b5700 JavaThread "Catalina-utility-1" [_thread_blocked, id=17832, stack(0x0000004617200000,0x0000004617300000)]
  0x000001e1f52b60a0 JavaThread "Catalina-utility-2" [_thread_blocked, id=26992, stack(0x0000004617300000,0x0000004617400000)]
  0x000001e1f52b6570 JavaThread "container-0" [_thread_blocked, id=39332, stack(0x0000004617400000,0x0000004617500000)]

Other Threads:
  0x000001e1ad716c20 VMThread "VM Thread" [stack: 0x0000004615400000,0x0000004615500000] [id=41620]
  0x000001e1f3119e00 WatcherThread [stack: 0x0000004616200000,0x0000004616300000] [id=25212]
  0x000001e18ff24bb0 GCTaskThread "GC Thread#0" [stack: 0x0000004614f00000,0x0000004615000000] [id=37844]
  0x000001e1f3a41300 GCTaskThread "GC Thread#1" [stack: 0x0000004616300000,0x0000004616400000] [id=47560]
  0x000001e1f33dbe90 GCTaskThread "GC Thread#2" [stack: 0x0000004616400000,0x0000004616500000] [id=48744]
  0x000001e1f3be7800 GCTaskThread "GC Thread#3" [stack: 0x0000004616500000,0x0000004616600000] [id=3676]
  0x000001e1f3be7ab0 GCTaskThread "GC Thread#4" [stack: 0x0000004616600000,0x0000004616700000] [id=24432]
  0x000001e1f3be8580 GCTaskThread "GC Thread#5" [stack: 0x0000004616700000,0x0000004616800000] [id=19348]
  0x000001e1f3beb4d0 GCTaskThread "GC Thread#6" [stack: 0x0000004616800000,0x0000004616900000] [id=14532]
  0x000001e1f3f13a30 GCTaskThread "GC Thread#7" [stack: 0x0000004616a00000,0x0000004616b00000] [id=9480]
  0x000001e1f3f2f5d0 GCTaskThread "GC Thread#8" [stack: 0x0000004616b00000,0x0000004616c00000] [id=23100]
  0x000001e1f3e53710 GCTaskThread "GC Thread#9" [stack: 0x0000004616c00000,0x0000004616d00000] [id=15072]
  0x000001e1f3e542e0 GCTaskThread "GC Thread#10" [stack: 0x0000004616d00000,0x0000004616e00000] [id=22052]
  0x000001e1f3cbfd20 GCTaskThread "GC Thread#11" [stack: 0x0000004616e00000,0x0000004616f00000] [id=29596]
  0x000001e1f3ecc840 GCTaskThread "GC Thread#12" [stack: 0x0000004616f00000,0x0000004617000000] [id=24012]
  0x000001e18ff31690 ConcurrentGCThread "G1 Main Marker" [stack: 0x0000004615000000,0x0000004615100000] [id=43404]
  0x000001e18ff32750 ConcurrentGCThread "G1 Conc#0" [stack: 0x0000004615100000,0x0000004615200000] [id=38344]
  0x000001e1f3ecb820 ConcurrentGCThread "G1 Conc#1" [stack: 0x0000004616900000,0x0000004616a00000] [id=26940]
  0x000001e1f3ecbad0 ConcurrentGCThread "G1 Conc#2" [stack: 0x0000004617000000,0x0000004617100000] [id=46200]
  0x000001e1ad5d24d0 ConcurrentGCThread "G1 Refine#0" [stack: 0x0000004615200000,0x0000004615300000] [id=52452]
  0x000001e1ad5d2e00 ConcurrentGCThread "G1 Service" [stack: 0x0000004615300000,0x0000004615400000] [id=45940]

Threads with active compile tasks:
C2 CompilerThread0     8364 4340   !   4       jdk.internal.loader.BuiltinClassLoader::findClassOnClassPathOrNull (64 bytes)

VM state: not at safepoint (normal execution)

VM Mutex/Monitor currently owned by a thread: None

Heap address: 0x00000000a2200000, size: 1502 MB, Compressed Oops mode: 32-bit

CDS archive(s) mapped at: [0x000001e1ae000000-0x000001e1aebd0000-0x000001e1aebd0000), size 12386304, SharedBaseAddress: 0x000001e1ae000000, ArchiveRelocationMode: 1.
Compressed class space mapped at: 0x000001e1af000000-0x000001e1ef000000, reserved size: 1073741824
Narrow klass base: 0x000001e1ae000000, Narrow klass shift: 0, Narrow klass range: 0x100000000

GC Precious Log:
 CPUs: 16 total, 16 available
 Memory: 6005M
 Large Page Support: Disabled
 NUMA Support: Disabled
 Compressed Oops: Enabled (32-bit)
 Heap Region Size: 1M
 Heap Min Capacity: 8M
 Heap Initial Capacity: 94M
 Heap Max Capacity: 1502M
 Pre-touch: Disabled
 Parallel Workers: 13
 Concurrent Workers: 3
 Concurrent Refinement Workers: 13
 Periodic GC: Disabled

Heap:
 garbage-first heap   total 55296K, used 34024K [0x00000000a2200000, 0x0000000100000000)
  region size 1024K, 17 young (17408K), 3 survivors (3072K)
 Metaspace       used 39676K, committed 40000K, reserved 1114112K
  class space    used 5272K, committed 5440K, reserved 1048576K

Heap Regions: E=young(eden), S=young(survivor), O=old, HS=humongous(starts), HC=humongous(continues), CS=collection set, F=free, OA=open archive, CA=closed archive, TAMS=top-at-mark-start (previous, next)
|   0|0x00000000a2200000, 0x00000000a2300000, 0x00000000a2300000|100%|HS|  |TAMS 0x00000000a2300000, 0x00000000a2200000| Complete 
|   1|0x00000000a2300000, 0x00000000a2400000, 0x00000000a2400000|100%| O|  |TAMS 0x00000000a2400000, 0x00000000a2300000| Untracked 
|   2|0x00000000a2400000, 0x00000000a2500000, 0x00000000a2500000|100%| O|  |TAMS 0x00000000a2500000, 0x00000000a2400000| Untracked 
|   3|0x00000000a2500000, 0x00000000a2600000, 0x00000000a2600000|100%| O|  |TAMS 0x00000000a2600000, 0x00000000a2500000| Untracked 
|   4|0x00000000a2600000, 0x00000000a2700000, 0x00000000a2700000|100%| O|  |TAMS 0x00000000a2700000, 0x00000000a2600000| Untracked 
|   5|0x00000000a2700000, 0x00000000a2800000, 0x00000000a2800000|100%| O|  |TAMS 0x00000000a2800000, 0x00000000a2700000| Untracked 
|   6|0x00000000a2800000, 0x00000000a2900000, 0x00000000a2900000|100%| O|  |TAMS 0x00000000a2900000, 0x00000000a2800000| Untracked 
|   7|0x00000000a2900000, 0x00000000a2a00000, 0x00000000a2a00000|100%| O|  |TAMS 0x00000000a2a00000, 0x00000000a2900000| Untracked 
|   8|0x00000000a2a00000, 0x00000000a2b00000, 0x00000000a2b00000|100%| O|  |TAMS 0x00000000a2b00000, 0x00000000a2a00000| Untracked 
|   9|0x00000000a2b00000, 0x00000000a2c00000, 0x00000000a2c00000|100%| O|  |TAMS 0x00000000a2c00000, 0x00000000a2b00000| Untracked 
|  10|0x00000000a2c00000, 0x00000000a2c00000, 0x00000000a2d00000|  0%| F|  |TAMS 0x00000000a2c00000, 0x00000000a2c00000| Untracked 
|  11|0x00000000a2d00000, 0x00000000a2e00000, 0x00000000a2e00000|100%| O|  |TAMS 0x00000000a2e00000, 0x00000000a2d00000| Untracked 
|  12|0x00000000a2e00000, 0x00000000a2f00000, 0x00000000a2f00000|100%| O|  |TAMS 0x00000000a2f00000, 0x00000000a2e00000| Untracked 
|  13|0x00000000a2f00000, 0x00000000a3000000, 0x00000000a3000000|100%| O|  |TAMS 0x00000000a3000000, 0x00000000a2f00000| Complete 
|  14|0x00000000a3000000, 0x00000000a3100000, 0x00000000a3100000|100%| O|  |TAMS 0x00000000a3100000, 0x00000000a3000000| Untracked 
|  15|0x00000000a3100000, 0x00000000a3200000, 0x00000000a3200000|100%| O|  |TAMS 0x00000000a3200000, 0x00000000a3100000| Untracked 
|  16|0x00000000a3200000, 0x00000000a3300000, 0x00000000a3300000|100%| O|  |TAMS 0x00000000a3300000, 0x00000000a3200000| Untracked 
|  17|0x00000000a3300000, 0x00000000a3400000, 0x00000000a3400000|100%| O|  |TAMS 0x00000000a3400000, 0x00000000a3300000| Untracked 
|  18|0x00000000a3400000, 0x00000000a3480400, 0x00000000a3500000| 50%| O|  |TAMS 0x00000000a3480400, 0x00000000a3400000| Untracked 
|  19|0x00000000a3500000, 0x00000000a3500000, 0x00000000a3600000|  0%| F|  |TAMS 0x00000000a3500000, 0x00000000a3500000| Untracked 
|  20|0x00000000a3600000, 0x00000000a3600000, 0x00000000a3700000|  0%| F|  |TAMS 0x00000000a3600000, 0x00000000a3600000| Untracked 
|  21|0x00000000a3700000, 0x00000000a3700000, 0x00000000a3800000|  0%| F|  |TAMS 0x00000000a3700000, 0x00000000a3700000| Untracked 
|  22|0x00000000a3800000, 0x00000000a3800000, 0x00000000a3900000|  0%| F|  |TAMS 0x00000000a3800000, 0x00000000a3800000| Untracked 
|  23|0x00000000a3900000, 0x00000000a3900000, 0x00000000a3a00000|  0%| F|  |TAMS 0x00000000a3900000, 0x00000000a3900000| Untracked 
|  24|0x00000000a3a00000, 0x00000000a3a00000, 0x00000000a3b00000|  0%| F|  |TAMS 0x00000000a3a00000, 0x00000000a3a00000| Untracked 
|  25|0x00000000a3b00000, 0x00000000a3b00000, 0x00000000a3c00000|  0%| F|  |TAMS 0x00000000a3b00000, 0x00000000a3b00000| Untracked 
|  26|0x00000000a3c00000, 0x00000000a3c00000, 0x00000000a3d00000|  0%| F|  |TAMS 0x00000000a3c00000, 0x00000000a3c00000| Untracked 
|  27|0x00000000a3d00000, 0x00000000a3d00000, 0x00000000a3e00000|  0%| F|  |TAMS 0x00000000a3d00000, 0x00000000a3d00000| Untracked 
|  28|0x00000000a3e00000, 0x00000000a3e00000, 0x00000000a3f00000|  0%| F|  |TAMS 0x00000000a3e00000, 0x00000000a3e00000| Untracked 
|  29|0x00000000a3f00000, 0x00000000a3f00000, 0x00000000a4000000|  0%| F|  |TAMS 0x00000000a3f00000, 0x00000000a3f00000| Untracked 
|  30|0x00000000a4000000, 0x00000000a40b9c80, 0x00000000a4100000| 72%| S|CS|TAMS 0x00000000a4000000, 0x00000000a4000000| Complete 
|  31|0x00000000a4100000, 0x00000000a4200000, 0x00000000a4200000|100%| S|CS|TAMS 0x00000000a4100000, 0x00000000a4100000| Complete 
|  32|0x00000000a4200000, 0x00000000a4200000, 0x00000000a4300000|  0%| F|  |TAMS 0x00000000a4200000, 0x00000000a4200000| Untracked 
|  33|0x00000000a4300000, 0x00000000a4300000, 0x00000000a4400000|  0%| F|  |TAMS 0x00000000a4300000, 0x00000000a4300000| Untracked 
|  34|0x00000000a4400000, 0x00000000a4500000, 0x00000000a4500000|100%| S|CS|TAMS 0x00000000a4400000, 0x00000000a4400000| Complete 
|  35|0x00000000a4500000, 0x00000000a4500000, 0x00000000a4600000|  0%| F|  |TAMS 0x00000000a4500000, 0x00000000a4500000| Untracked 
|  36|0x00000000a4600000, 0x00000000a4600000, 0x00000000a4700000|  0%| F|  |TAMS 0x00000000a4600000, 0x00000000a4600000| Untracked 
|  37|0x00000000a4700000, 0x00000000a4700000, 0x00000000a4800000|  0%| F|  |TAMS 0x00000000a4700000, 0x00000000a4700000| Untracked 
|  38|0x00000000a4800000, 0x00000000a4800000, 0x00000000a4900000|  0%| F|  |TAMS 0x00000000a4800000, 0x00000000a4800000| Untracked 
|  39|0x00000000a4900000, 0x00000000a4900000, 0x00000000a4a00000|  0%| F|  |TAMS 0x00000000a4900000, 0x00000000a4900000| Untracked 
|  40|0x00000000a4a00000, 0x00000000a4ad4b10, 0x00000000a4b00000| 83%| E|  |TAMS 0x00000000a4a00000, 0x00000000a4a00000| Complete 
|  41|0x00000000a4b00000, 0x00000000a4c00000, 0x00000000a4c00000|100%| E|CS|TAMS 0x00000000a4b00000, 0x00000000a4b00000| Complete 
|  42|0x00000000a4c00000, 0x00000000a4d00000, 0x00000000a4d00000|100%| E|CS|TAMS 0x00000000a4c00000, 0x00000000a4c00000| Complete 
|  43|0x00000000a4d00000, 0x00000000a4e00000, 0x00000000a4e00000|100%| E|CS|TAMS 0x00000000a4d00000, 0x00000000a4d00000| Complete 
|  44|0x00000000a4e00000, 0x00000000a4f00000, 0x00000000a4f00000|100%| E|CS|TAMS 0x00000000a4e00000, 0x00000000a4e00000| Complete 
|  45|0x00000000a4f00000, 0x00000000a5000000, 0x00000000a5000000|100%| E|CS|TAMS 0x00000000a4f00000, 0x00000000a4f00000| Complete 
|  46|0x00000000a5000000, 0x00000000a5100000, 0x00000000a5100000|100%| E|CS|TAMS 0x00000000a5000000, 0x00000000a5000000| Complete 
|  47|0x00000000a5100000, 0x00000000a5200000, 0x00000000a5200000|100%| E|CS|TAMS 0x00000000a5100000, 0x00000000a5100000| Complete 
|  48|0x00000000a5200000, 0x00000000a5300000, 0x00000000a5300000|100%| E|CS|TAMS 0x00000000a5200000, 0x00000000a5200000| Complete 
|  86|0x00000000a7800000, 0x00000000a7900000, 0x00000000a7900000|100%| E|CS|TAMS 0x00000000a7800000, 0x00000000a7800000| Complete 
|  87|0x00000000a7900000, 0x00000000a7a00000, 0x00000000a7a00000|100%| E|CS|TAMS 0x00000000a7900000, 0x00000000a7900000| Complete 
|  88|0x00000000a7a00000, 0x00000000a7b00000, 0x00000000a7b00000|100%| E|CS|TAMS 0x00000000a7a00000, 0x00000000a7a00000| Complete 
|  89|0x00000000a7b00000, 0x00000000a7c00000, 0x00000000a7c00000|100%| E|CS|TAMS 0x00000000a7b00000, 0x00000000a7b00000| Complete 
|  93|0x00000000a7f00000, 0x00000000a8000000, 0x00000000a8000000|100%| E|CS|TAMS 0x00000000a7f00000, 0x00000000a7f00000| Complete 

Card table byte_map: [0x000001e1a72e0000,0x000001e1a75d0000] _byte_map_base: 0x000001e1a6dcf000

Marking Bits (Prev, Next): (CMBitMap*) 0x000001e18ff250d0, (CMBitMap*) 0x000001e18ff25110
 Prev Bits: [0x000001e1a78c0000, 0x000001e1a9038000)
 Next Bits: [0x000001e1a9040000, 0x000001e1aa7b8000)

Polling page: 0x000001e18f690000

Metaspace:

Usage:
  Non-class:     33.60 MB used.
      Class:      5.15 MB used.
       Both:     38.75 MB used.

Virtual space:
  Non-class space:       64.00 MB reserved,      33.75 MB ( 53%) committed,  1 nodes.
      Class space:        1.00 GB reserved,       5.31 MB ( <1%) committed,  1 nodes.
             Both:        1.06 GB reserved,      39.06 MB (  4%) committed. 

Chunk freelists:
   Non-Class:  13.59 MB
       Class:  10.59 MB
        Both:  24.19 MB

MaxMetaspaceSize: unlimited
CompressedClassSpaceSize: 1.00 GB
Initial GC threshold: 21.00 MB
Current GC threshold: 58.75 MB
CDS: on
MetaspaceReclaimPolicy: balanced
 - commit_granule_bytes: 65536.
 - commit_granule_words: 8192.
 - virtual_space_node_default_size: 8388608.
 - enlarge_chunks_in_place: 1.
 - new_chunks_are_fully_committed: 0.
 - uncommit_free_chunks: 1.
 - use_allocation_guard: 0.
 - handle_deallocations: 1.


Internal statistics:

num_allocs_failed_limit: 6.
num_arena_births: 276.
num_arena_deaths: 0.
num_vsnodes_births: 2.
num_vsnodes_deaths: 0.
num_space_committed: 625.
num_space_uncommitted: 0.
num_chunks_returned_to_freelist: 6.
num_chunks_taken_from_freelist: 1633.
num_chunk_merges: 6.
num_chunk_splits: 1198.
num_chunks_enlarged: 983.
num_purges: 0.
num_inconsistent_stats: 0.

CodeHeap 'non-profiled nmethods': size=119168Kb used=2070Kb max_used=2070Kb free=117097Kb
 bounds [0x000001e19f300000, 0x000001e19f570000, 0x000001e1a6760000]
CodeHeap 'profiled nmethods': size=119104Kb used=9996Kb max_used=9996Kb free=109107Kb
 bounds [0x000001e197760000, 0x000001e198130000, 0x000001e19ebb0000]
CodeHeap 'non-nmethods': size=7488Kb used=1793Kb max_used=1827Kb free=5694Kb
 bounds [0x000001e19ebb0000, 0x000001e19ee20000, 0x000001e19f300000]
 total_blobs=4876 nmethods=4338 adapters=449
 compilation: enabled
              stopped_count=0, restarted_count=0
 full_count=0

Compilation events (20 events):
Event: 8.183 Thread 0x000001e1ad73c170 nmethod 4336 0x000001e19f4ff590 code [0x000001e19f4ff820, 0x000001e19f5019b0]
Event: 8.183 Thread 0x000001e1ad73c170 4338       4       java.util.Arrays::hashCode (56 bytes)
Event: 8.185 Thread 0x000001e1ad73c170 nmethod 4338 0x000001e19f503610 code [0x000001e19f5037a0, 0x000001e19f503918]
Event: 8.185 Thread 0x000001e1ad73c170 4337       4       java.lang.String::newStringUTF8NoRepl (276 bytes)
Event: 8.188 Thread 0x000001e1ad73c170 nmethod 4337 0x000001e19f503a90 code [0x000001e19f503c20, 0x000001e19f5041d8]
Event: 8.188 Thread 0x000001e1ad73c170 4339       4       jdk.internal.org.objectweb.asm.MethodWriter::visitLabel (328 bytes)
Event: 8.194 Thread 0x000001e1ad73cb20 4348       3       java.util.Collections$SetFromMap::add (22 bytes)
Event: 8.195 Thread 0x000001e1ad73cb20 nmethod 4348 0x000001e198121510 code [0x000001e1981216c0, 0x000001e198121908]
Event: 8.202 Thread 0x000001e1ad73c170 nmethod 4339 0x000001e19f504490 code [0x000001e19f504640, 0x000001e19f505378]
Event: 8.202 Thread 0x000001e1ad73c170 4340   !   4       jdk.internal.loader.BuiltinClassLoader::findClassOnClassPathOrNull (64 bytes)
Event: 8.242 Thread 0x000001e1ad73cb20 4353       3       java.lang.System::checkKey (34 bytes)
Event: 8.242 Thread 0x000001e1ad73cb20 nmethod 4353 0x000001e198121a10 code [0x000001e198121be0, 0x000001e198121f98]
Event: 8.267 Thread 0x000001e1ad73cb20 4354  s    3       java.lang.StringBuffer::toString (59 bytes)
Event: 8.267 Thread 0x000001e1ad9ace50 4355       3       java.lang.Character::digit (6 bytes)
Event: 8.267 Thread 0x000001e1ad9ace50 nmethod 4355 0x000001e198122110 code [0x000001e1981222c0, 0x000001e198122518]
Event: 8.267 Thread 0x000001e1ad73cb20 nmethod 4354 0x000001e198122610 code [0x000001e198122800, 0x000001e198122df8]
Event: 8.268 Thread 0x000001e1ad73cb20 4356       3       java.lang.StringBuffer::<init> (7 bytes)
Event: 8.268 Thread 0x000001e1ad9ace50 4357       1       java.util.stream.FindOps$FindOp::getOpFlags (5 bytes)
Event: 8.268 Thread 0x000001e1ad9ace50 nmethod 4357 0x000001e19f505790 code [0x000001e19f505920, 0x000001e19f5059f8]
Event: 8.268 Thread 0x000001e1ad73cb20 nmethod 4356 0x000001e198122f90 code [0x000001e198123120, 0x000001e198123268]

GC Heap History (18 events):
Event: 1.237 GC heap before
{Heap before GC invocations=0 (full 0):
 garbage-first heap   total 96256K, used 24576K [0x00000000a2200000, 0x0000000100000000)
  region size 1024K, 23 young (23552K), 0 survivors (0K)
 Metaspace       used 5234K, committed 5376K, reserved 1114112K
  class space    used 582K, committed 640K, reserved 1048576K
}
Event: 1.247 GC heap after
{Heap after GC invocations=1 (full 0):
 garbage-first heap   total 96256K, used 8712K [0x00000000a2200000, 0x0000000100000000)
  region size 1024K, 3 young (3072K), 3 survivors (3072K)
 Metaspace       used 5234K, committed 5376K, reserved 1114112K
  class space    used 582K, committed 640K, reserved 1048576K
}
Event: 2.498 GC heap before
{Heap before GC invocations=1 (full 0):
 garbage-first heap   total 96256K, used 34312K [0x00000000a2200000, 0x0000000100000000)
  region size 1024K, 28 young (28672K), 3 survivors (3072K)
 Metaspace       used 12161K, committed 12416K, reserved 1114112K
  class space    used 1531K, committed 1664K, reserved 1048576K
}
Event: 2.505 GC heap after
{Heap after GC invocations=2 (full 0):
 garbage-first heap   total 96256K, used 11223K [0x00000000a2200000, 0x0000000100000000)
  region size 1024K, 3 young (3072K), 3 survivors (3072K)
 Metaspace       used 12161K, committed 12416K, reserved 1114112K
  class space    used 1531K, committed 1664K, reserved 1048576K
}
Event: 3.679 GC heap before
{Heap before GC invocations=2 (full 0):
 garbage-first heap   total 96256K, used 53207K [0x00000000a2200000, 0x0000000100000000)
  region size 1024K, 45 young (46080K), 3 survivors (3072K)
 Metaspace       used 21005K, committed 21248K, reserved 1114112K
  class space    used 2646K, committed 2752K, reserved 1048576K
}
Event: 3.688 GC heap after
{Heap after GC invocations=3 (full 0):
 garbage-first heap   total 96256K, used 13832K [0x00000000a2200000, 0x0000000100000000)
  region size 1024K, 5 young (5120K), 5 survivors (5120K)
 Metaspace       used 21005K, committed 21248K, reserved 1114112K
  class space    used 2646K, committed 2752K, reserved 1048576K
}
Event: 3.846 GC heap before
{Heap before GC invocations=3 (full 0):
 garbage-first heap   total 96256K, used 16904K [0x00000000a2200000, 0x0000000100000000)
  region size 1024K, 9 young (9216K), 5 survivors (5120K)
 Metaspace       used 21269K, committed 21504K, reserved 1114112K
  class space    used 2678K, committed 2816K, reserved 1048576K
}
Event: 3.856 GC heap after
{Heap after GC invocations=4 (full 0):
 garbage-first heap   total 96256K, used 14523K [0x00000000a2200000, 0x0000000100000000)
  region size 1024K, 4 young (4096K), 4 survivors (4096K)
 Metaspace       used 21269K, committed 21504K, reserved 1114112K
  class space    used 2678K, committed 2816K, reserved 1048576K
}
Event: 5.290 GC heap before
{Heap before GC invocations=5 (full 0):
 garbage-first heap   total 55296K, used 42171K [0x00000000a2200000, 0x0000000100000000)
  region size 1024K, 32 young (32768K), 4 survivors (4096K)
 Metaspace       used 24689K, committed 24960K, reserved 1114112K
  class space    used 3140K, committed 3264K, reserved 1048576K
}
Event: 5.298 GC heap after
{Heap after GC invocations=6 (full 0):
 garbage-first heap   total 55296K, used 15727K [0x00000000a2200000, 0x0000000100000000)
  region size 1024K, 3 young (3072K), 3 survivors (3072K)
 Metaspace       used 24689K, committed 24960K, reserved 1114112K
  class space    used 3140K, committed 3264K, reserved 1048576K
}
Event: 5.330 GC heap before
{Heap before GC invocations=6 (full 0):
 garbage-first heap   total 55296K, used 15727K [0x00000000a2200000, 0x0000000100000000)
  region size 1024K, 4 young (4096K), 3 survivors (3072K)
 Metaspace       used 24972K, committed 25152K, reserved 1114112K
  class space    used 3179K, committed 3264K, reserved 1048576K
}
Event: 5.335 GC heap after
{Heap after GC invocations=7 (full 0):
 garbage-first heap   total 55296K, used 16063K [0x00000000a2200000, 0x0000000100000000)
  region size 1024K, 1 young (1024K), 1 survivors (1024K)
 Metaspace       used 24972K, committed 25152K, reserved 1114112K
  class space    used 3179K, committed 3264K, reserved 1048576K
}
Event: 6.318 GC heap before
{Heap before GC invocations=7 (full 0):
 garbage-first heap   total 55296K, used 37567K [0x00000000a2200000, 0x0000000100000000)
  region size 1024K, 22 young (22528K), 1 survivors (1024K)
 Metaspace       used 29779K, committed 30016K, reserved 1114112K
  class space    used 3813K, committed 3904K, reserved 1048576K
}
Event: 6.327 GC heap after
{Heap after GC invocations=8 (full 0):
 garbage-first heap   total 55296K, used 17958K [0x00000000a2200000, 0x0000000100000000)
  region size 1024K, 3 young (3072K), 3 survivors (3072K)
 Metaspace       used 29779K, committed 30016K, reserved 1114112K
  class space    used 3813K, committed 3904K, reserved 1048576K
}
Event: 6.965 GC heap before
{Heap before GC invocations=8 (full 0):
 garbage-first heap   total 55296K, used 38438K [0x00000000a2200000, 0x0000000100000000)
  region size 1024K, 23 young (23552K), 3 survivors (3072K)
 Metaspace       used 32536K, committed 32832K, reserved 1114112K
  class space    used 4154K, committed 4288K, reserved 1048576K
}
Event: 6.972 GC heap after
{Heap after GC invocations=9 (full 0):
 garbage-first heap   total 55296K, used 19514K [0x00000000a2200000, 0x0000000100000000)
  region size 1024K, 2 young (2048K), 2 survivors (2048K)
 Metaspace       used 32536K, committed 32832K, reserved 1114112K
  class space    used 4154K, committed 4288K, reserved 1048576K
}
Event: 7.611 GC heap before
{Heap before GC invocations=9 (full 0):
 garbage-first heap   total 55296K, used 37946K [0x00000000a2200000, 0x0000000100000000)
  region size 1024K, 21 young (21504K), 2 survivors (2048K)
 Metaspace       used 35735K, committed 35968K, reserved 1114112K
  class space    used 4570K, committed 4672K, reserved 1048576K
}
Event: 7.614 GC heap after
{Heap after GC invocations=10 (full 0):
 garbage-first heap   total 55296K, used 20712K [0x00000000a2200000, 0x0000000100000000)
  region size 1024K, 3 young (3072K), 3 survivors (3072K)
 Metaspace       used 35735K, committed 35968K, reserved 1114112K
  class space    used 4570K, committed 4672K, reserved 1048576K
}

Deoptimization events (20 events):
Event: 7.629 Thread 0x000001e18fedb630 Uncommon trap: trap_request=0xffffffbe fr.pc=0x000001e19f4db8e0 relative=0x00000000000008a0
Event: 7.629 Thread 0x000001e18fedb630 Uncommon trap: reason=profile_predicate action=maybe_recompile pc=0x000001e19f4db8e0 method=java.lang.PublicMethods$MethodList.filter([Ljava/lang/reflect/Method;Ljava/lang/String;[Ljava/lang/Class;Z)Ljava/lang/PublicMethods$MethodList; @ 21 c2
Event: 7.629 Thread 0x000001e18fedb630 DEOPT PACKING pc=0x000001e19f4db8e0 sp=0x0000004614efb410
Event: 7.629 Thread 0x000001e18fedb630 DEOPT UNPACKING pc=0x000001e19ec023a3 sp=0x0000004614efb3c8 mode 2
Event: 7.657 Thread 0x000001e18fedb630 Uncommon trap: trap_request=0xffffff45 fr.pc=0x000001e19f426480 relative=0x00000000000000e0
Event: 7.657 Thread 0x000001e18fedb630 Uncommon trap: reason=unstable_if action=reinterpret pc=0x000001e19f426480 method=java.lang.ClassLoader.getClassLoadingLock(Ljava/lang/String;)Ljava/lang/Object; @ 6 c2
Event: 7.657 Thread 0x000001e18fedb630 DEOPT PACKING pc=0x000001e19f426480 sp=0x0000004614ef9db0
Event: 7.657 Thread 0x000001e18fedb630 DEOPT UNPACKING pc=0x000001e19ec023a3 sp=0x0000004614ef9d50 mode 2
Event: 8.097 Thread 0x000001e18fedb630 Uncommon trap: trap_request=0xffffff45 fr.pc=0x000001e19f4fdf60 relative=0x0000000000000b00
Event: 8.097 Thread 0x000001e18fedb630 Uncommon trap: reason=unstable_if action=reinterpret pc=0x000001e19f4fdf60 method=java.util.WeakHashMap.put(Ljava/lang/Object;Ljava/lang/Object;)Ljava/lang/Object; @ 146 c2
Event: 8.097 Thread 0x000001e18fedb630 DEOPT PACKING pc=0x000001e19f4fdf60 sp=0x0000004614efdb30
Event: 8.097 Thread 0x000001e18fedb630 DEOPT UNPACKING pc=0x000001e19ec023a3 sp=0x0000004614efda88 mode 2
Event: 8.266 Thread 0x000001e18fedb630 Uncommon trap: trap_request=0xffffff45 fr.pc=0x000001e19f4efc60 relative=0x00000000000000c0
Event: 8.266 Thread 0x000001e18fedb630 Uncommon trap: reason=unstable_if action=reinterpret pc=0x000001e19f4efc60 method=java.lang.CharacterDataLatin1.digit(II)I @ 7 c2
Event: 8.266 Thread 0x000001e18fedb630 DEOPT PACKING pc=0x000001e19f4efc60 sp=0x0000004614efc670
Event: 8.266 Thread 0x000001e18fedb630 DEOPT UNPACKING pc=0x000001e19ec023a3 sp=0x0000004614efc530 mode 2
Event: 8.266 Thread 0x000001e18fedb630 Uncommon trap: trap_request=0xffffff45 fr.pc=0x000001e19f4ef8b4 relative=0x0000000000000094
Event: 8.266 Thread 0x000001e18fedb630 Uncommon trap: reason=unstable_if action=reinterpret pc=0x000001e19f4ef8b4 method=java.lang.CharacterDataLatin1.digit(II)I @ 7 c2
Event: 8.266 Thread 0x000001e18fedb630 DEOPT PACKING pc=0x000001e19f4ef8b4 sp=0x0000004614efc5c0
Event: 8.266 Thread 0x000001e18fedb630 DEOPT UNPACKING pc=0x000001e19ec023a3 sp=0x0000004614efc540 mode 2

Classes unloaded (0 events):
No events

Classes redefined (0 events):
No events

Internal exceptions (20 events):
Event: 6.064 Thread 0x000001e18fedb630 Exception <a 'java/lang/ClassNotFoundException'{0x00000000a466bec8}: org/springframework/aop/framework/AopInfrastructureBeanCustomizer> (0x00000000a466bec8) 
thrown [s\open\src\hotspot\share\classfile\systemDictionary.cpp, line 256]
Event: 6.103 Thread 0x000001e18fedb630 Exception <a 'java/lang/ClassNotFoundException'{0x00000000a4538cb0}: java/lang/ObjectCustomizer> (0x00000000a4538cb0) 
thrown [s\open\src\hotspot\share\classfile\systemDictionary.cpp, line 256]
Event: 6.104 Thread 0x000001e18fedb630 Exception <a 'java/lang/ClassNotFoundException'{0x00000000a453ff90}: org/springframework/transaction/annotation/AbstractTransactionManagementConfigurationCustomizer> (0x00000000a453ff90) 
thrown [s\open\src\hotspot\share\classfile\systemDictionary.cpp, line 256]
Event: 6.105 Thread 0x000001e18fedb630 Exception <a 'java/lang/ClassNotFoundException'{0x00000000a4546450}: org/springframework/transaction/annotation/ProxyTransactionManagementConfigurationCustomizer> (0x00000000a4546450) 
thrown [s\open\src\hotspot\share\classfile\systemDictionary.cpp, line 256]
Event: 6.106 Thread 0x000001e18fedb630 Exception <a 'java/lang/ClassNotFoundException'{0x00000000a454da38}: org/springframework/context/annotation/ImportAwareCustomizer> (0x00000000a454da38) 
thrown [s\open\src\hotspot\share\classfile\systemDictionary.cpp, line 256]
Event: 6.107 Thread 0x000001e18fedb630 Exception <a 'java/lang/ClassNotFoundException'{0x00000000a4552198}: org/springframework/beans/factory/AwareCustomizer> (0x00000000a4552198) 
thrown [s\open\src\hotspot\share\classfile\systemDictionary.cpp, line 256]
Event: 6.182 Thread 0x000001e18fedb630 Exception <a 'java/lang/NoSuchMethodError'{0x00000000a44e7c08}: 'java.lang.Object java.lang.invoke.DirectMethodHandle$Holder.invokeSpecialIFC(java.lang.Object, java.lang.Object, java.lang.Object)'> (0x00000000a44e7c08) 
thrown [s\open\src\hotspot\share\interpreter\linkResolver.cpp, line 759]
Event: 6.403 Thread 0x000001e18fedb630 Exception <a 'java/lang/NoSuchMethodError'{0x00000000a7bec3b0}: 'void java.lang.invoke.DirectMethodHandle$Holder.invokeInterface(java.lang.Object, java.lang.Object, int)'> (0x00000000a7bec3b0) 
thrown [s\open\src\hotspot\share\interpreter\linkResolver.cpp, line 759]
Event: 6.406 Thread 0x000001e18fedb630 Exception <a 'java/lang/NoSuchMethodError'{0x00000000a7a06480}: 'int java.lang.invoke.DirectMethodHandle$Holder.invokeVirtual(java.lang.Object, java.lang.Object)'> (0x00000000a7a06480) 
thrown [s\open\src\hotspot\share\interpreter\linkResolver.cpp, line 759]
Event: 6.412 Thread 0x000001e18fedb630 Exception <a 'java/lang/IncompatibleClassChangeError'{0x00000000a7a3fb00}: Found class java.lang.Object, but interface was expected> (0x00000000a7a3fb00) 
thrown [s\open\src\hotspot\share\interpreter\linkResolver.cpp, line 826]
Event: 6.413 Thread 0x000001e18fedb630 Exception <a 'java/lang/NoSuchMethodError'{0x00000000a7a44cb8}: 'void java.lang.invoke.DirectMethodHandle$Holder.invokeStatic(java.lang.Object, int, java.lang.Object)'> (0x00000000a7a44cb8) 
thrown [s\open\src\hotspot\share\interpreter\linkResolver.cpp, line 759]
Event: 6.417 Thread 0x000001e18fedb630 Exception <a 'java/lang/NoSuchMethodError'{0x00000000a7a7a3a0}: 'int java.lang.invoke.DirectMethodHandle$Holder.invokeSpecial(java.lang.Object, java.lang.Object, int)'> (0x00000000a7a7a3a0) 
thrown [s\open\src\hotspot\share\interpreter\linkResolver.cpp, line 759]
Event: 6.566 Thread 0x000001e18fedb630 Exception <a 'java/lang/NoSuchMethodError'{0x00000000a513b8d0}: 'java.lang.Object java.lang.invoke.DirectMethodHandle$Holder.invokeStaticInit(java.lang.Object, int, int, int, int)'> (0x00000000a513b8d0) 
thrown [s\open\src\hotspot\share\interpreter\linkResolver.cpp, line 759]
Event: 6.637 Thread 0x000001e18fedb630 Exception <a 'java/lang/NoSuchMethodError'{0x00000000a5014c08}: 'java.lang.Object java.lang.invoke.DirectMethodHandle$Holder.invokeStaticInit(java.lang.Object, java.lang.Object, int, int, int, int)'> (0x00000000a5014c08) 
thrown [s\open\src\hotspot\share\interpreter\linkResolver.cpp, line 759]
Event: 7.082 Thread 0x000001e18fedb630 Exception <a 'java/io/FileNotFoundException'{0x00000000a7a460a0}> (0x00000000a7a460a0) 
thrown [s\open\src\hotspot\share\prims\jni.cpp, line 516]
Event: 7.141 Thread 0x000001e18fedb630 Exception <a 'java/lang/NoSuchMethodError'{0x00000000a520aa68}: 'int java.lang.invoke.DirectMethodHandle$Holder.invokeInterface(java.lang.Object, java.lang.Object, java.lang.Object, java.lang.Object)'> (0x00000000a520aa68) 
thrown [s\open\src\hotspot\share\interpreter\linkResolver.cpp, line 759]
Event: 7.217 Thread 0x000001e18fedb630 Exception <a 'java/lang/NoSuchMethodError'{0x00000000a51f4c40}: 'long java.lang.invoke.DirectMethodHandle$Holder.invokeVirtual(java.lang.Object, java.lang.Object)'> (0x00000000a51f4c40) 
thrown [s\open\src\hotspot\share\interpreter\linkResolver.cpp, line 759]
Event: 7.227 Thread 0x000001e18fedb630 Exception <a 'java/io/FileNotFoundException'{0x00000000a5022318}> (0x00000000a5022318) 
thrown [s\open\src\hotspot\share\prims\jni.cpp, line 516]
Event: 7.371 Thread 0x000001e18fedb630 Implicit null exception at 0x000001e19f448a2f to 0x000001e19f448d48
Event: 8.269 Thread 0x000001e18fedb630 Exception <a 'java/io/IOException'{0x00000000a4a8be90}> (0x00000000a4a8be90) 
thrown [s\open\src\hotspot\share\prims\jni.cpp, line 516]

VM Operations (20 events):
Event: 6.991 Executing VM operation: HandshakeAllThreads
Event: 6.991 Executing VM operation: HandshakeAllThreads done
Event: 6.993 Executing VM operation: HandshakeAllThreads
Event: 6.994 Executing VM operation: HandshakeAllThreads done
Event: 7.029 Executing VM operation: HandshakeAllThreads
Event: 7.029 Executing VM operation: HandshakeAllThreads done
Event: 7.169 Executing VM operation: HandshakeAllThreads
Event: 7.169 Executing VM operation: HandshakeAllThreads done
Event: 7.170 Executing VM operation: HandshakeAllThreads
Event: 7.170 Executing VM operation: HandshakeAllThreads done
Event: 7.231 Executing VM operation: HandshakeAllThreads
Event: 7.231 Executing VM operation: HandshakeAllThreads done
Event: 7.239 Executing VM operation: HandshakeAllThreads
Event: 7.239 Executing VM operation: HandshakeAllThreads done
Event: 7.610 Executing VM operation: CollectForMetadataAllocation
Event: 7.614 Executing VM operation: CollectForMetadataAllocation done
Event: 7.623 Executing VM operation: G1Concurrent
Event: 7.627 Executing VM operation: G1Concurrent done
Event: 7.631 Executing VM operation: G1Concurrent
Event: 7.631 Executing VM operation: G1Concurrent done

Events (20 events):
Event: 8.202 loading class java/util/concurrent/atomic/AtomicIntegerFieldUpdater$AtomicIntegerFieldUpdaterImpl$1
Event: 8.202 loading class java/util/concurrent/atomic/AtomicIntegerFieldUpdater$AtomicIntegerFieldUpdaterImpl$1 done
Event: 8.221 loading class java/net/ConnectException
Event: 8.221 loading class java/net/ConnectException done
Event: 8.232 loading class javax/net/DefaultSocketFactory
Event: 8.233 loading class javax/net/DefaultSocketFactory done
Event: 8.244 loading class java/net/Socket$SocketOutputStream
Event: 8.244 loading class java/net/Socket$SocketOutputStream done
Event: 8.244 loading class sun/nio/ch/NioSocketImpl$2
Event: 8.245 loading class sun/nio/ch/NioSocketImpl$2 done
Event: 8.253 loading class java/lang/management/MemoryMXBean
Event: 8.253 loading class java/lang/management/MemoryMXBean done
Event: 8.253 loading class sun/management/MemoryImpl
Event: 8.253 loading class sun/management/MemoryImpl done
Event: 8.254 loading class java/lang/management/MemoryUsage
Event: 8.254 loading class java/lang/management/MemoryUsage done
Event: 8.266 loading class java/text/ParsePosition
Event: 8.266 loading class java/text/ParsePosition done
Event: 8.269 loading class sun/net/ConnectionResetException
Event: 8.270 loading class sun/net/ConnectionResetException done


Dynamic libraries:
0x00007ff725cd0000 - 0x00007ff725ce0000 	C:\Program Files\Java\jdk-17\bin\java.exe
0x00007ffc768b0000 - 0x00007ffc76ac6000 	C:\WINDOWS\SYSTEM32\ntdll.dll
0x00007ffc37140000 - 0x00007ffc37159000 	C:\Program Files\Avast Software\Avast\aswhook.dll
0x00007ffc74fe0000 - 0x00007ffc750a4000 	C:\WINDOWS\System32\KERNEL32.DLL
0x00007ffc73bd0000 - 0x00007ffc73f77000 	C:\WINDOWS\System32\KERNELBASE.dll
0x00007ffc73fb0000 - 0x00007ffc740c1000 	C:\WINDOWS\System32\ucrtbase.dll
0x00007ffc6b4a0000 - 0x00007ffc6b4bb000 	C:\Program Files\Java\jdk-17\bin\VCRUNTIME140.dll
0x00007ffc6b480000 - 0x00007ffc6b499000 	C:\Program Files\Java\jdk-17\bin\jli.dll
0x00007ffc75e00000 - 0x00007ffc75eb2000 	C:\WINDOWS\System32\ADVAPI32.dll
0x00007ffc74c50000 - 0x00007ffc74cf7000 	C:\WINDOWS\System32\msvcrt.dll
0x00007ffc753a0000 - 0x00007ffc75448000 	C:\WINDOWS\System32\sechost.dll
0x00007ffc740d0000 - 0x00007ffc740f8000 	C:\WINDOWS\System32\bcrypt.dll
0x00007ffc75450000 - 0x00007ffc75565000 	C:\WINDOWS\System32\RPCRT4.dll
0x00007ffc751f0000 - 0x00007ffc7539e000 	C:\WINDOWS\System32\USER32.dll
0x00007ffc73f80000 - 0x00007ffc73fa6000 	C:\WINDOWS\System32\win32u.dll
0x00007ffc5dd50000 - 0x00007ffc5dfe3000 	C:\WINDOWS\WinSxS\amd64_microsoft.windows.common-controls_6595b64144ccf1df_6.0.22621.3235_none_270f74e173860f98\COMCTL32.dll
0x00007ffc745e0000 - 0x00007ffc74609000 	C:\WINDOWS\System32\GDI32.dll
0x00007ffc74360000 - 0x00007ffc74479000 	C:\WINDOWS\System32\gdi32full.dll
0x00007ffc6ad70000 - 0x00007ffc6ad7a000 	C:\WINDOWS\SYSTEM32\VERSION.dll
0x00007ffc74480000 - 0x00007ffc7451a000 	C:\WINDOWS\System32\msvcp_win.dll
0x00007ffc76680000 - 0x00007ffc766b1000 	C:\WINDOWS\System32\IMM32.DLL
0x00007ffc6a970000 - 0x00007ffc6a97c000 	C:\Program Files\Java\jdk-17\bin\vcruntime140_1.dll
0x00007ffc61160000 - 0x00007ffc611ee000 	C:\Program Files\Java\jdk-17\bin\msvcp140.dll
0x00007ffbe29d0000 - 0x00007ffbe35ae000 	C:\Program Files\Java\jdk-17\bin\server\jvm.dll
0x00007ffc75df0000 - 0x00007ffc75df8000 	C:\WINDOWS\System32\PSAPI.DLL
0x00007ffc6ba60000 - 0x00007ffc6ba94000 	C:\WINDOWS\SYSTEM32\WINMM.dll
0x00007ffc5ff70000 - 0x00007ffc5ff79000 	C:\WINDOWS\SYSTEM32\WSOCK32.dll
0x00007ffc74d60000 - 0x00007ffc74dd1000 	C:\WINDOWS\System32\WS2_32.dll
0x00007ffc72be0000 - 0x00007ffc72bf8000 	C:\WINDOWS\SYSTEM32\kernel.appcore.dll
0x00007ffc6a960000 - 0x00007ffc6a96a000 	C:\Program Files\Java\jdk-17\bin\jimage.dll
0x00007ffc715e0000 - 0x00007ffc71813000 	C:\WINDOWS\SYSTEM32\DBGHELP.DLL
0x00007ffc74670000 - 0x00007ffc749f8000 	C:\WINDOWS\System32\combase.dll
0x00007ffc74de0000 - 0x00007ffc74eb7000 	C:\WINDOWS\System32\OLEAUT32.dll
0x00007ffc68a70000 - 0x00007ffc68aa2000 	C:\WINDOWS\SYSTEM32\dbgcore.DLL
0x00007ffc74170000 - 0x00007ffc741e9000 	C:\WINDOWS\System32\bcryptPrimitives.dll
0x00007ffc63f20000 - 0x00007ffc63f2e000 	C:\Program Files\Java\jdk-17\bin\instrument.dll
0x00007ffc63ef0000 - 0x00007ffc63f15000 	C:\Program Files\Java\jdk-17\bin\java.dll
0x00007ffc04b60000 - 0x00007ffc04c37000 	C:\Program Files\Java\jdk-17\bin\jsvml.dll
0x00007ffc75570000 - 0x00007ffc75dcc000 	C:\WINDOWS\System32\SHELL32.dll
0x00007ffc71ae0000 - 0x00007ffc723d9000 	C:\WINDOWS\SYSTEM32\windows.storage.dll
0x00007ffc719a0000 - 0x00007ffc71ade000 	C:\WINDOWS\SYSTEM32\wintypes.dll
0x00007ffc75ec0000 - 0x00007ffc75fb3000 	C:\WINDOWS\System32\SHCORE.dll
0x00007ffc74610000 - 0x00007ffc7466e000 	C:\WINDOWS\System32\shlwapi.dll
0x00007ffc73b00000 - 0x00007ffc73b21000 	C:\WINDOWS\SYSTEM32\profapi.dll
0x00007ffc45620000 - 0x00007ffc45638000 	C:\Program Files\Java\jdk-17\bin\zip.dll
0x00007ffc42c10000 - 0x00007ffc42c29000 	C:\Program Files\Java\jdk-17\bin\net.dll
0x00007ffc6c250000 - 0x00007ffc6c386000 	C:\WINDOWS\SYSTEM32\WINHTTP.dll
0x00007ffc73050000 - 0x00007ffc730b9000 	C:\WINDOWS\system32\mswsock.dll
0x00007ffc3f870000 - 0x00007ffc3f886000 	C:\Program Files\Java\jdk-17\bin\nio.dll
0x00007ffc3f850000 - 0x00007ffc3f86a000 	C:\Program Files\JetBrains\IntelliJ IDEA Educational Edition 2022.2.2\bin\breakgen64.dll
0x00007ffc63ee0000 - 0x00007ffc63ef0000 	C:\Program Files\Java\jdk-17\bin\verify.dll
0x00007ffc72640000 - 0x00007ffc7266d000 	C:\WINDOWS\SYSTEM32\IPHLPAPI.DLL
0x00007ffc74fd0000 - 0x00007ffc74fd9000 	C:\WINDOWS\System32\NSI.dll
0x00007ffc6bcc0000 - 0x00007ffc6bcd9000 	C:\WINDOWS\SYSTEM32\dhcpcsvc6.DLL
0x00007ffc6baa0000 - 0x00007ffc6babf000 	C:\WINDOWS\SYSTEM32\dhcpcsvc.DLL
0x00007ffc726b0000 - 0x00007ffc727a9000 	C:\WINDOWS\SYSTEM32\DNSAPI.dll
0x00007ffc6cc70000 - 0x00007ffc6cc7a000 	C:\Windows\System32\rasadhlp.dll
0x00007ffc6a830000 - 0x00007ffc6a8b3000 	C:\WINDOWS\System32\fwpuclnt.dll
0x00007ffc61150000 - 0x00007ffc6115a000 	C:\Program Files\Java\jdk-17\bin\management.dll
0x00007ffc51a60000 - 0x00007ffc51a6b000 	C:\Program Files\Java\jdk-17\bin\management_ext.dll
0x00007ffc45d00000 - 0x00007ffc45d17000 	C:\WINDOWS\system32\napinsp.dll
0x00007ffc45c00000 - 0x00007ffc45c1b000 	C:\WINDOWS\system32\pnrpnsp.dll
0x00007ffc45be0000 - 0x00007ffc45bf1000 	C:\WINDOWS\System32\winrnr.dll
0x00007ffc6af80000 - 0x00007ffc6af95000 	C:\WINDOWS\system32\wshbth.dll
0x00007ffc45bb0000 - 0x00007ffc45bd1000 	C:\WINDOWS\system32\nlansp_c.dll
0x00007ffc732c0000 - 0x00007ffc732db000 	C:\WINDOWS\SYSTEM32\CRYPTSP.dll
0x00007ffc72b40000 - 0x00007ffc72b75000 	C:\WINDOWS\system32\rsaenh.dll
0x00007ffc73160000 - 0x00007ffc73188000 	C:\WINDOWS\SYSTEM32\USERENV.dll
0x00007ffc732e0000 - 0x00007ffc732ec000 	C:\WINDOWS\SYSTEM32\CRYPTBASE.dll
0x00007ffc47940000 - 0x00007ffc4794e000 	C:\Program Files\Java\jdk-17\bin\sunmscapi.dll
0x00007ffc741f0000 - 0x00007ffc74357000 	C:\WINDOWS\System32\CRYPT32.dll
0x00007ffc734a0000 - 0x00007ffc734ce000 	C:\WINDOWS\SYSTEM32\ncrypt.dll
0x00007ffc73460000 - 0x00007ffc73497000 	C:\WINDOWS\SYSTEM32\NTASN1.dll

dbghelp: loaded successfully - version: 4.0.5 - missing functions: none
symbol engine: initialized successfully - sym options: 0x614 - pdb path: .;C:\Program Files\Java\jdk-17\bin;C:\WINDOWS\SYSTEM32;C:\Program Files\Avast Software\Avast;C:\WINDOWS\WinSxS\amd64_microsoft.windows.common-controls_6595b64144ccf1df_6.0.22621.3235_none_270f74e173860f98;C:\Program Files\Java\jdk-17\bin\server;C:\Program Files\JetBrains\IntelliJ IDEA Educational Edition 2022.2.2\bin

VM Arguments:
jvm_args: -Dspring-profiles.active=local -javaagent:C:\Program Files\JetBrains\IntelliJ IDEA Educational Edition 2022.2.2\lib\idea_rt.jar=57686:C:\Program Files\JetBrains\IntelliJ IDEA Educational Edition 2022.2.2\bin -Dfile.encoding=UTF-8 
java_command: academy.wakanda.coopwaka.CoopwakaApplication
java_class_path (initial): C:\Workspace\coopwaka\coopwaka\target\classes;C:\Users\Zelto Lira\.m2\repository\org\springframework\boot\spring-boot-starter-data-jpa\2.7.17\spring-boot-starter-data-jpa-2.7.17.jar;C:\Users\Zelto Lira\.m2\repository\org\springframework\boot\spring-boot-starter-aop\2.7.17\spring-boot-starter-aop-2.7.17.jar;C:\Users\Zelto Lira\.m2\repository\org\springframework\spring-aop\5.3.30\spring-aop-5.3.30.jar;C:\Users\Zelto Lira\.m2\repository\org\aspectj\aspectjweaver\1.9.7\aspectjweaver-1.9.7.jar;C:\Users\Zelto Lira\.m2\repository\org\springframework\boot\spring-boot-starter-jdbc\2.7.17\spring-boot-starter-jdbc-2.7.17.jar;C:\Users\Zelto Lira\.m2\repository\com\zaxxer\HikariCP\4.0.3\HikariCP-4.0.3.jar;C:\Users\Zelto Lira\.m2\repository\org\springframework\spring-jdbc\5.3.30\spring-jdbc-5.3.30.jar;C:\Users\Zelto Lira\.m2\repository\jakarta\transaction\jakarta.transaction-api\1.3.3\jakarta.transaction-api-1.3.3.jar;C:\Users\Zelto Lira\.m2\repository\jakarta\persistence\jakarta.persistence-api\2.2.3\jakarta.persistence-api-2.2.3.jar;C:\Users\Zelto Lira\.m2\repository\org\hibernate\hibernate-core\5.6.15.Final\hibernate-core-5.6.15.Final.jar;C:\Users\Zelto Lira\.m2\repository\org\jboss\logging\jboss-logging\3.4.3.Final\jboss-logging-3.4.3.Final.jar;C:\Users\Zelto Lira\.m2\repository\net\bytebuddy\byte-buddy\1.12.23\byte-buddy-1.12.23.jar;C:\Users\Zelto Lira\.m2\repository\antlr\antlr\2.7.7\antlr-2.7.7.jar;C:\Users\Zelto Lira\.m2\repository\org\jboss\jandex\2.4.2.Final\jandex-2.4.2.Final.jar;C:\Users\Zelto Lira\.m2\repository\com\fasterxml\classmate\1.5.1\classmate-1.5.1.jar;C:\Users\Zelto Lira\.m2\repository\org\hibernate\common\hibernate-commons-annotations\5.1.2.Final\hibernate-commons-annotations-5.1.2.Final.jar;C:\Users\Zelto Lira\.m2\repository\org\glassfish\jaxb\jaxb-runtime\2.3.8\jaxb-runtime-2.3.8.jar;C:\Users\Zelto Lira\.m2\repository\org\glassfish\jaxb\txw2\2.3.8\txw2-2.3.8.jar;C:\Users\Zelto Lira\.m2\repository\com\sun\istack\istack-commons
Launcher Type: SUN_STANDARD

[Global flags]
     intx CICompilerCount                          = 12                                        {product} {ergonomic}
     uint ConcGCThreads                            = 3                                         {product} {ergonomic}
     uint G1ConcRefinementThreads                  = 13                                        {product} {ergonomic}
   size_t G1HeapRegionSize                         = 1048576                                   {product} {ergonomic}
    uintx GCDrainStackTargetSize                   = 64                                        {product} {ergonomic}
   size_t InitialHeapSize                          = 98566144                                  {product} {ergonomic}
   size_t MarkStackSize                            = 4194304                                   {product} {ergonomic}
   size_t MaxHeapSize                              = 1574961152                                {product} {ergonomic}
   size_t MaxNewSize                               = 944766976                                 {product} {ergonomic}
   size_t MinHeapDeltaBytes                        = 1048576                                   {product} {ergonomic}
   size_t MinHeapSize                              = 8388608                                   {product} {ergonomic}
    uintx NonNMethodCodeHeapSize                   = 7602480                                {pd product} {ergonomic}
    uintx NonProfiledCodeHeapSize                  = 122027880                              {pd product} {ergonomic}
    uintx ProfiledCodeHeapSize                     = 122027880                              {pd product} {ergonomic}
    uintx ReservedCodeCacheSize                    = 251658240                              {pd product} {ergonomic}
     bool SegmentedCodeCache                       = true                                      {product} {ergonomic}
   size_t SoftMaxHeapSize                          = 1574961152                             {manageable} {ergonomic}
     bool UseCompressedClassPointers               = true                           {product lp64_product} {ergonomic}
     bool UseCompressedOops                        = true                           {product lp64_product} {ergonomic}
     bool UseG1GC                                  = true                                      {product} {ergonomic}
     bool UseLargePagesIndividualAllocation        = false                                  {pd product} {ergonomic}

Logging:
Log output configuration:
 #0: stdout all=warning uptime,level,tags
 #1: stderr all=off uptime,level,tags

Environment Variables:
JAVA_HOME=C:\Program Files\Eclipse Adoptium\jdk-21.0.2.13-hotspot\
PATH=C:\Program Files\Eclipse Adoptium\jdk-21.0.2.13-hotspot\bin;C:\Program Files\Common Files\Oracle\Java\javapath;C:\WINDOWS\system32;C:\WINDOWS;C:\WINDOWS\System32\Wbem;C:\WINDOWS\System32\WindowsPowerShell\v1.0\;C:\WINDOWS\System32\OpenSSH\;C:\Program Files\Java\jdk-11\bin;C:\Program Files\Git\cmd;C:\Program Files\Docker\Docker\resources\bin;C:\Users\Zelto Lira\AppData\Local\Microsoft\WindowsApps;C:\apache-maven-3.9.3\bin;C:\Program Files\JetBrains\IntelliJ IDEA Educational Edition 2022.2.2\bin;C:\Program Files\Java\jdk-17\bin;;C:\Program Files\Java\jdk-17\bin;C:\Program Files\Eclipse Adoptium\jdk-21.0.2.13-hotspot\bin;
USERNAME=Zelto Lira
OS=Windows_NT
PROCESSOR_IDENTIFIER=AMD64 Family 23 Model 104 Stepping 1, AuthenticAMD



---------------  S Y S T E M  ---------------

OS:
 Windows 11 , 64 bit Build 22621 (10.0.22621.3374)
OS uptime: 3 days 21:02 hours
Hyper-V role detected

CPU: total 16 (initial active 16) (16 cores per cpu, 2 threads per core) family 23 model 104 stepping 1 microcode 0x0, cx8, cmov, fxsr, ht, mmx, 3dnowpref, sse, sse2, sse3, ssse3, sse4a, sse4.1, sse4.2, popcnt, lzcnt, tsc, tscinvbit, avx, avx2, aes, clmul, bmi1, bmi2, adx, sha, fma, vzeroupper, clflush, clflushopt, hv

Memory: 4k page, system-wide physical 6005M (70M free)
TotalPageFile size 24437M (AvailPageFile size 57M)
current process WorkingSet (physical memory assigned to process): 181M, peak: 182M
current process commit charge ("private bytes"): 231M, peak: 241M

vm_info: Java HotSpot(TM) 64-Bit Server VM (17.0.8+9-LTS-211) for windows-amd64 JRE (17.0.8+9-LTS-211), built on Jun 14 2023 10:34:31 by "mach5one" with MS VC++ 17.1 (VS2022)

END.
